<?xml version="1.0" encoding="utf-8"?><testsuites name="pytest tests"><testsuite name="pytest" errors="0" failures="0" skipped="0" tests="74" time="46.295" timestamp="2026-07-18T21:46:05.644877+00:00" hostname="agent-env-729c3fdd-ea46-4e36-9f1d-ae7ad9822713"><testcase classname="tests.test_iteration2.TestReviews" name="test_reviews_seeded_for_neurocopy" time="0.238" /><testcase classname="tests.backend_test.TestCatalog" name="test_list_tools" time="0.199" /><testcase classname="tests.backend_test.TestCatalog" name="test_categories" time="0.109" /><testcase classname="tests.test_iteration2.TestReviews" name="test_reviews_unknown_tool_returns_empty" time="0.043" /><testcase classname="tests.test_iteration2.TestReviews" name="test_post_review_requires_auth" time="0.043" /><testcase classname="tests.backend_test.TestCatalog" name="test_category_filter" time="0.051" /><testcase classname="tests.backend_test.TestCatalog" name="test_search" time="0.082" /><testcase classname="tests.backend_test.TestCatalog" name="test_sort_price_asc" time="0.243" /><testcase classname="tests.test_iteration2.TestReviews" name="test_post_review_bad_rating_422" time="0.396" /><testcase classname="tests.backend_test.TestCatalog" name="test_sort_price_desc" time="0.068" /><testcase classname="tests.test_iteration2.TestReviews" name="test_post_review_unknown_tool_404" time="0.044" /><testcase classname="tests.backend_test.TestCatalog" name="test_sort_rating" time="0.054" /><testcase classname="tests.test_iteration2.TestReviews" name="test_post_review_creates_unverified" time="0.137" /><testcase classname="tests.backend_test.TestCatalog" name="test_tool_detail" time="0.051" /><testcase classname="tests.backend_test.TestCatalog" name="test_tool_detail_404" time="0.110" /><testcase classname="tests.test_iteration2.TestReviews" name="test_post_review_upsert" time="0.149" /><testcase classname="tests.backend_test.TestAuth" name="test_register_and_me" time="0.578" /><testcase classname="tests.backend_test.TestPayments" name="test_checkout_creates_session" time="1.322" /><testcase classname="tests.backend_test.TestPayments" name="test_status_pending" time="1.164" /><testcase classname="tests.backend_test.TestAuth" name="test_register_duplicate_400" time="0.942" /><testcase classname="tests.backend_test.TestAuth" name="test_login_admin" time="0.343" /><testcase classname="tests.backend_test.TestAuth" name="test_login_wrong_password_401" time="0.322" /><testcase classname="tests.backend_test.TestAuth" name="test_me_requires_auth" time="0.103" /><testcase classname="tests.backend_test.TestAuth" name="test_logout_clears_session" time="0.573" /><testcase classname="tests.backend_test.TestPayments" name="test_status_not_found_404" time="0.225" /><testcase classname="tests.backend_test.TestPayments" name="test_checkout_empty_cart_400" time="0.044" /><testcase classname="tests.backend_test.TestPayments" name="test_checkout_bad_lookup_400" time="0.133" /><testcase classname="tests.test_iteration2.TestBundles" name="test_list_bundles" time="0.124" /><testcase classname="tests.backend_test.TestAdmin" name="test_stats_requires_admin" time="0.056" /><testcase classname="tests.test_iteration2.TestBundles" name="test_creator_pack_savings" time="0.053" /><testcase classname="tests.test_iteration2.TestBundles" name="test_bundle_detail" time="0.054" /><testcase classname="tests.test_iteration2.TestBundles" name="test_bundle_unknown_slug_404" time="0.239" /><testcase classname="tests.test_iteration3.TestNewCategoryFilters" name="test_category_filter_returns_only_that_category[logistics]" time="0.104" /><testcase classname="tests.backend_test.TestAdmin" name="test_stats_ok_for_admin" time="0.449" /><testcase classname="tests.backend_test.TestAdmin" name="test_orders_requires_admin" time="0.100" /><testcase classname="tests.test_iteration3.TestNewCategoryFilters" name="test_category_filter_returns_only_that_category[healthcare]" time="0.051" /><testcase classname="tests.test_iteration3.TestNewCategoryFilters" name="test_category_filter_returns_only_that_category[cybersecurity]" time="0.091" /><testcase classname="tests.backend_test.TestAdmin" name="test_orders_ok_for_admin" time="0.045" /><testcase classname="tests.backend_test.TestAIDemo" name="test_demo_empty_400" time="0.100" /><testcase classname="tests.test_iteration3.TestNewCategoryFilters" name="test_category_filter_returns_only_that_category[everyday]" time="0.049" /><testcase classname="tests.test_iteration3.TestCatalogExpansion" name="test_65_tools" time="0.063" /><testcase classname="tests.backend_test.TestAIDemo" name="test_demo_unknown_tool_404" time="0.091" /><testcase classname="tests.test_iteration3.TestCatalogExpansion" name="test_31_categories_no_empty" time="0.050" /><testcase classname="tests.test_iteration3.TestCatalogExpansion" name="test_all_tools_have_tier_speed_quality_why" time="0.065" /><testcase classname="tests.backend_test.TestAIDemo" name="test_demo_generates_output" time="12.639" /><testcase classname="tests.test_iteration4.TestStudioText" name="test_empty_prompt_returns_400" time="0.383" /><testcase classname="tests.test_iteration4.TestStudioText" name="test_text_chatgpt_deducts_2_and_mentions_gpt" time="1.060" /><testcase classname="tests.test_iteration4.TestStudioText" name="test_text_claude_deducts_2_and_mentions_claude" time="1.618" /><testcase classname="tests.test_iteration4.TestCreditPackCheckout" name="test_checkout_credits_pro_returns_stripe_url" time="0.819" /><testcase classname="tests.test_iteration4.TestCreditPackCheckout" name="test_checkout_credits_spark_returns_stripe_url" time="0.647" /><testcase classname="tests.test_iteration4.TestCreditPackCheckout" name="test_checkout_credits_studio_returns_stripe_url" time="0.780" /><testcase classname="tests.backend_test.TestLibrary" name="test_library_requires_auth" time="0.099" /><testcase classname="tests.backend_test.TestLibrary" name="test_library_empty_for_new_user" time="0.387" /><testcase classname="tests.test_iteration2.TestTiers" name="test_tools_list_has_tier" time="0.119" /><testcase classname="tests.test_iteration2.TestTiers" name="test_tool_detail_has_tier" time="0.058" /><testcase classname="tests.test_iteration2.TestBundleCheckout" name="test_checkout_bundle_creates_session" time="0.897" /><testcase classname="tests.test_iteration2.TestBundleCheckout" name="test_bundle_transaction_stored" time="1.176" /><testcase classname="tests.test_iteration4.TestStudioCredits" name="test_credits_endpoint_requires_auth" time="0.102" /><testcase classname="tests.test_iteration4.TestStudioCredits" name="test_credits_fresh_user_starts_with_30" time="0.396" /><testcase classname="tests.test_iteration4.TestRegression" name="test_tools_still_65" time="0.116" /><testcase classname="tests.test_iteration4.TestRegression" name="test_bundles_still_4" time="0.100" /><testcase classname="tests.backend_test.TestAria" name="test_assistant_stream" time="1.476" /><testcase classname="tests.test_iteration2.TestLibraryBundleExpansion" name="test_library_expands_bundle" time="0.517" /><testcase classname="tests.test_iteration2.TestVerifiedReview" name="test_verified_after_paid_bundle" time="0.398" /><testcase classname="tests.test_iteration3.TestEverydayCategory" name="test_everyday_returns_8_tools" time="0.100" /><testcase classname="tests.test_iteration3.TestNewToolDemo" name="test_mealmate_demo_returns_output" time="7.870" /><testcase classname="tests.test_iteration3.TestStripeCheckoutNewTools" name="test_checkout_giftgenie" time="0.704" /><testcase classname="tests.test_iteration3.TestStripeCheckoutNewTools" name="test_checkout_threatlens" time="0.515" /><testcase classname="tests.test_iteration3.TestStripeCheckoutNewTools" name="test_checkout_freightpilot" time="0.579" /><testcase classname="tests.test_iteration4.TestStudioResearch" name="test_research_deducts_4" time="5.877" /><testcase classname="tests.test_iteration3.TestBundleRegression" name="test_bundles_still_four" time="0.054" /><testcase classname="tests.test_iteration4.TestCreditPacks" name="test_three_packs_correct" time="0.097" /><testcase classname="tests.test_iteration4.TestStudioImage" name="test_image_deducts_15_and_returns_base64" time="8.814" /><testcase classname="tests.test_iteration4.TestCreditsEnforcement" name="test_402_when_insufficient_credits_and_no_deduction" time="11.868" /></testsuite></testsuites>