<?xml version="1.0" encoding="utf-8"?><testsuites name="pytest tests"><testsuite name="pytest" errors="0" failures="0" skipped="0" tests="14" time="30.009" timestamp="2026-07-18T21:45:30.829061+00:00" hostname="agent-env-729c3fdd-ea46-4e36-9f1d-ae7ad9822713"><testcase classname="tests.test_iteration4.TestCreditPackCheckout" name="test_checkout_credits_pro_returns_stripe_url" time="1.094" /><testcase classname="tests.test_iteration4.TestCreditPackCheckout" name="test_checkout_credits_spark_returns_stripe_url" time="0.966" /><testcase classname="tests.test_iteration4.TestStudioText" name="test_empty_prompt_returns_400" time="2.110" /><testcase classname="tests.test_iteration4.TestCreditPackCheckout" name="test_checkout_credits_studio_returns_stripe_url" time="0.629" /><testcase classname="tests.test_iteration4.TestStudioText" name="test_text_chatgpt_deducts_2_and_mentions_gpt" time="2.017" /><testcase classname="tests.test_iteration4.TestStudioCredits" name="test_credits_endpoint_requires_auth" time="0.470" /><testcase classname="tests.test_iteration4.TestStudioCredits" name="test_credits_fresh_user_starts_with_30" time="0.422" /><testcase classname="tests.test_iteration4.TestCreditPacks" name="test_three_packs_correct" time="0.155" /><testcase classname="tests.test_iteration4.TestStudioResearch" name="test_research_deducts_4" time="5.906" /><testcase classname="tests.test_iteration4.TestStudioText" name="test_text_claude_deducts_2_and_mentions_claude" time="2.157" /><testcase classname="tests.test_iteration4.TestRegression" name="test_tools_still_65" time="0.225" /><testcase classname="tests.test_iteration4.TestRegression" name="test_bundles_still_4" time="0.104" /><testcase classname="tests.test_iteration4.TestStudioImage" name="test_image_deducts_15_and_returns_base64" time="8.848" /><testcase classname="tests.test_iteration4.TestCreditsEnforcement" name="test_402_when_insufficient_credits_and_no_deduction" time="11.032" /></testsuite></testsuites>