<?xml version="1.0" encoding="utf-8"?><testsuites name="pytest tests"><testsuite name="pytest" errors="0" failures="0" skipped="0" tests="60" time="20.343" timestamp="2026-07-18T19:19:44.596654+00:00" hostname="agent-env-729c3fdd-ea46-4e36-9f1d-ae7ad9822713"><testcase classname="tests.test_iteration2.TestReviews" name="test_reviews_seeded_for_neurocopy" time="0.179" /><testcase classname="tests.backend_test.TestCatalog" name="test_list_tools" time="0.138" /><testcase classname="tests.backend_test.TestCatalog" name="test_categories" time="0.099" /><testcase classname="tests.test_iteration2.TestReviews" name="test_reviews_unknown_tool_returns_empty" time="0.086" /><testcase classname="tests.backend_test.TestCatalog" name="test_category_filter" time="0.046" /><testcase classname="tests.test_iteration2.TestReviews" name="test_post_review_requires_auth" time="0.046" /><testcase classname="tests.backend_test.TestCatalog" name="test_search" time="0.047" /><testcase classname="tests.backend_test.TestCatalog" name="test_sort_price_asc" time="0.051" /><testcase classname="tests.backend_test.TestCatalog" name="test_sort_price_desc" time="0.266" /><testcase classname="tests.test_iteration2.TestReviews" name="test_post_review_bad_rating_422" time="0.388" /><testcase classname="tests.backend_test.TestCatalog" name="test_sort_rating" time="0.058" /><testcase classname="tests.test_iteration2.TestReviews" name="test_post_review_unknown_tool_404" time="0.055" /><testcase classname="tests.backend_test.TestCatalog" name="test_tool_detail" time="0.048" /><testcase classname="tests.test_iteration2.TestReviews" name="test_post_review_creates_unverified" time="0.376" /><testcase classname="tests.backend_test.TestCatalog" name="test_tool_detail_404" time="0.052" /><testcase classname="tests.backend_test.TestAuth" name="test_register_and_me" time="0.368" /><testcase classname="tests.test_iteration2.TestReviews" name="test_post_review_upsert" time="0.362" /><testcase classname="tests.backend_test.TestAuth" name="test_register_duplicate_400" time="0.402" /><testcase classname="tests.backend_test.TestAuth" name="test_login_admin" time="0.499" /><testcase classname="tests.backend_test.TestPayments" name="test_checkout_creates_session" time="1.306" /><testcase classname="tests.backend_test.TestAuth" name="test_login_wrong_password_401" time="0.948" /><testcase classname="tests.backend_test.TestPayments" name="test_status_pending" time="1.275" /><testcase classname="tests.backend_test.TestAuth" name="test_me_requires_auth" time="0.096" /><testcase classname="tests.backend_test.TestAuth" name="test_logout_clears_session" time="0.449" /><testcase classname="tests.backend_test.TestAdmin" name="test_stats_requires_admin" time="0.047" /><testcase classname="tests.backend_test.TestAdmin" name="test_stats_ok_for_admin" time="0.457" /><testcase classname="tests.backend_test.TestPayments" name="test_status_not_found_404" time="0.050" /><testcase classname="tests.backend_test.TestAdmin" name="test_orders_requires_admin" time="0.115" /><testcase classname="tests.backend_test.TestPayments" name="test_checkout_empty_cart_400" time="0.045" /><testcase classname="tests.backend_test.TestPayments" name="test_checkout_bad_lookup_400" time="0.124" /><testcase classname="tests.backend_test.TestAdmin" name="test_orders_ok_for_admin" time="0.088" /><testcase classname="tests.test_iteration2.TestBundles" name="test_list_bundles" time="0.117" /><testcase classname="tests.test_iteration3.TestNewCategoryFilters" name="test_category_filter_returns_only_that_category[logistics]" time="0.096" /><testcase classname="tests.test_iteration3.TestNewCategoryFilters" name="test_category_filter_returns_only_that_category[healthcare]" time="0.047" /><testcase classname="tests.test_iteration2.TestBundles" name="test_creator_pack_savings" time="0.049" /><testcase classname="tests.test_iteration3.TestNewCategoryFilters" name="test_category_filter_returns_only_that_category[cybersecurity]" time="0.046" /><testcase classname="tests.test_iteration2.TestBundles" name="test_bundle_detail" time="0.093" /><testcase classname="tests.test_iteration3.TestNewCategoryFilters" name="test_category_filter_returns_only_that_category[everyday]" time="0.052" /><testcase classname="tests.backend_test.TestAIDemo" name="test_demo_empty_400" time="0.107" /><testcase classname="tests.test_iteration2.TestBundles" name="test_bundle_unknown_slug_404" time="0.052" /><testcase classname="tests.test_iteration3.TestCatalogExpansion" name="test_65_tools" time="0.107" /><testcase classname="tests.backend_test.TestAIDemo" name="test_demo_unknown_tool_404" time="0.052" /><testcase classname="tests.backend_test.TestAIDemo" name="test_demo_generates_output" time="9.608" /><testcase classname="tests.test_iteration3.TestCatalogExpansion" name="test_31_categories_no_empty" time="0.046" /><testcase classname="tests.test_iteration3.TestCatalogExpansion" name="test_all_tools_have_tier_speed_quality_why" time="0.109" /><testcase classname="tests.backend_test.TestLibrary" name="test_library_requires_auth" time="0.104" /><testcase classname="tests.backend_test.TestLibrary" name="test_library_empty_for_new_user" time="0.404" /><testcase classname="tests.test_iteration2.TestTiers" name="test_tools_list_has_tier" time="0.148" /><testcase classname="tests.test_iteration2.TestTiers" name="test_tool_detail_has_tier" time="0.051" /><testcase classname="tests.test_iteration2.TestBundleCheckout" name="test_checkout_bundle_creates_session" time="0.895" /><testcase classname="tests.test_iteration2.TestBundleCheckout" name="test_bundle_transaction_stored" time="1.175" /><testcase classname="tests.backend_test.TestAria" name="test_assistant_stream" time="1.493" /><testcase classname="tests.test_iteration2.TestLibraryBundleExpansion" name="test_library_expands_bundle" time="0.471" /><testcase classname="tests.test_iteration2.TestVerifiedReview" name="test_verified_after_paid_bundle" time="0.396" /><testcase classname="tests.test_iteration3.TestEverydayCategory" name="test_everyday_returns_8_tools" time="0.103" /><testcase classname="tests.test_iteration3.TestNewToolDemo" name="test_mealmate_demo_returns_output" time="9.604" /><testcase classname="tests.test_iteration3.TestStripeCheckoutNewTools" name="test_checkout_giftgenie" time="0.698" /><testcase classname="tests.test_iteration3.TestStripeCheckoutNewTools" name="test_checkout_threatlens" time="0.614" /><testcase classname="tests.test_iteration3.TestStripeCheckoutNewTools" name="test_checkout_freightpilot" time="0.575" /><testcase classname="tests.test_iteration3.TestBundleRegression" name="test_bundles_still_four" time="0.050" /></testsuite></testsuites>