<?xml version="1.0" encoding="utf-8"?><testsuites name="pytest tests"><testsuite name="pytest" errors="0" failures="0" skipped="0" tests="13" time="11.929" timestamp="2026-07-18T19:18:49.987413+00:00" hostname="agent-env-729c3fdd-ea46-4e36-9f1d-ae7ad9822713"><testcase classname="tests.test_iteration3.TestCatalogExpansion" name="test_65_tools" time="0.166" /><testcase classname="tests.test_iteration3.TestNewCategoryFilters" name="test_category_filter_returns_only_that_category[logistics]" time="0.183" /><testcase classname="tests.test_iteration3.TestCatalogExpansion" name="test_31_categories_no_empty" time="0.051" /><testcase classname="tests.test_iteration3.TestNewCategoryFilters" name="test_category_filter_returns_only_that_category[healthcare]" time="0.093" /><testcase classname="tests.test_iteration3.TestCatalogExpansion" name="test_all_tools_have_tier_speed_quality_why" time="0.049" /><testcase classname="tests.test_iteration3.TestStripeCheckoutNewTools" name="test_checkout_giftgenie" time="0.807" /><testcase classname="tests.test_iteration3.TestNewCategoryFilters" name="test_category_filter_returns_only_that_category[cybersecurity]" time="0.799" /><testcase classname="tests.test_iteration3.TestStripeCheckoutNewTools" name="test_checkout_threatlens" time="0.717" /><testcase classname="tests.test_iteration3.TestNewCategoryFilters" name="test_category_filter_returns_only_that_category[everyday]" time="0.716" /><testcase classname="tests.test_iteration3.TestEverydayCategory" name="test_everyday_returns_8_tools" time="0.044" /><testcase classname="tests.test_iteration3.TestStripeCheckoutNewTools" name="test_checkout_freightpilot" time="0.744" /><testcase classname="tests.test_iteration3.TestBundleRegression" name="test_bundles_still_four" time="0.700" /><testcase classname="tests.test_iteration3.TestNewToolDemo" name="test_mealmate_demo_returns_output" time="8.824" /></testsuite></testsuites>