<?xml version="1.0" encoding="utf-8"?><testsuites name="pytest tests"><testsuite name="pytest" errors="0" failures="0" skipped="0" tests="47" time="15.759" timestamp="2026-07-18T19:03:28.231223+00:00" hostname="agent-env-729c3fdd-ea46-4e36-9f1d-ae7ad9822713"><testcase classname="tests.test_iteration2.TestReviews" name="test_reviews_seeded_for_neurocopy" time="0.145" /><testcase classname="tests.backend_test.TestCatalog" name="test_list_tools" time="0.159" /><testcase classname="tests.test_iteration2.TestReviews" name="test_reviews_unknown_tool_returns_empty" time="0.047" /><testcase classname="tests.backend_test.TestCatalog" name="test_categories" time="0.087" /><testcase classname="tests.test_iteration2.TestReviews" name="test_post_review_requires_auth" time="0.047" /><testcase classname="tests.backend_test.TestCatalog" name="test_category_filter" time="0.042" /><testcase classname="tests.backend_test.TestCatalog" name="test_search" time="0.083" /><testcase classname="tests.backend_test.TestCatalog" name="test_sort_price_asc" time="0.042" /><testcase classname="tests.backend_test.TestCatalog" name="test_sort_price_desc" time="0.238" /><testcase classname="tests.backend_test.TestCatalog" name="test_sort_rating" time="0.044" /><testcase classname="tests.test_iteration2.TestReviews" name="test_post_review_bad_rating_422" time="0.486" /><testcase classname="tests.backend_test.TestCatalog" name="test_tool_detail" time="0.045" /><testcase classname="tests.test_iteration2.TestReviews" name="test_post_review_unknown_tool_404" time="0.101" /><testcase classname="tests.backend_test.TestCatalog" name="test_tool_detail_404" time="0.044" /><testcase classname="tests.backend_test.TestAuth" name="test_register_and_me" time="0.445" /><testcase classname="tests.test_iteration2.TestReviews" name="test_post_review_creates_unverified" time="0.323" /><testcase classname="tests.test_iteration2.TestReviews" name="test_post_review_upsert" time="0.423" /><testcase classname="tests.backend_test.TestAuth" name="test_register_duplicate_400" time="0.424" /><testcase classname="tests.backend_test.TestAuth" name="test_login_admin" time="0.482" /><testcase classname="tests.backend_test.TestAuth" name="test_login_wrong_password_401" time="1.065" /><testcase classname="tests.backend_test.TestPayments" name="test_checkout_creates_session" time="1.409" /><testcase classname="tests.backend_test.TestPayments" name="test_status_pending" time="1.212" /><testcase classname="tests.backend_test.TestAuth" name="test_me_requires_auth" time="0.139" /><testcase classname="tests.backend_test.TestAuth" name="test_logout_clears_session" time="0.600" /><testcase classname="tests.backend_test.TestAdmin" name="test_stats_requires_admin" time="0.050" /><testcase classname="tests.backend_test.TestPayments" name="test_status_not_found_404" time="0.229" /><testcase classname="tests.backend_test.TestPayments" name="test_checkout_empty_cart_400" time="0.073" /><testcase classname="tests.backend_test.TestAdmin" name="test_stats_ok_for_admin" time="0.493" /><testcase classname="tests.backend_test.TestAdmin" name="test_orders_requires_admin" time="0.143" /><testcase classname="tests.backend_test.TestPayments" name="test_checkout_bad_lookup_400" time="0.130" /><testcase classname="tests.backend_test.TestAdmin" name="test_orders_ok_for_admin" time="0.060" /><testcase classname="tests.test_iteration2.TestBundles" name="test_list_bundles" time="0.116" /><testcase classname="tests.backend_test.TestAIDemo" name="test_demo_empty_400" time="0.043" /><testcase classname="tests.backend_test.TestAIDemo" name="test_demo_unknown_tool_404" time="0.084" /><testcase classname="tests.test_iteration2.TestBundles" name="test_creator_pack_savings" time="0.049" /><testcase classname="tests.test_iteration2.TestBundles" name="test_bundle_detail" time="0.089" /><testcase classname="tests.backend_test.TestAIDemo" name="test_demo_generates_output" time="10.178" /><testcase classname="tests.test_iteration2.TestBundles" name="test_bundle_unknown_slug_404" time="0.347" /><testcase classname="tests.test_iteration2.TestTiers" name="test_tools_list_has_tier" time="0.050" /><testcase classname="tests.test_iteration2.TestTiers" name="test_tool_detail_has_tier" time="0.052" /><testcase classname="tests.test_iteration2.TestBundleCheckout" name="test_checkout_bundle_creates_session" time="0.932" /><testcase classname="tests.test_iteration2.TestBundleCheckout" name="test_bundle_transaction_stored" time="1.189" /><testcase classname="tests.backend_test.TestAria" name="test_assistant_stream" time="1.492" /><testcase classname="tests.test_iteration2.TestLibraryBundleExpansion" name="test_library_expands_bundle" time="0.475" /><testcase classname="tests.test_iteration2.TestVerifiedReview" name="test_verified_after_paid_bundle" time="0.396" /><testcase classname="tests.backend_test.TestLibrary" name="test_library_requires_auth" time="0.179" /><testcase classname="tests.backend_test.TestLibrary" name="test_library_empty_for_new_user" time="0.055" /></testsuite></testsuites>