<?xml version="1.0" encoding="utf-8"?><testsuites name="pytest tests"><testsuite name="pytest" errors="0" failures="2" skipped="0" tests="17" time="3.647" timestamp="2026-07-18T19:02:55.592596+00:00" hostname="agent-env-729c3fdd-ea46-4e36-9f1d-ae7ad9822713"><testcase classname="tests.test_iteration2.TestBundles" name="test_list_bundles" time="0.169" /><testcase classname="tests.test_iteration2.TestReviews" name="test_reviews_seeded_for_neurocopy" time="0.253" /><testcase classname="tests.test_iteration2.TestBundles" name="test_creator_pack_savings" time="0.043" /><testcase classname="tests.test_iteration2.TestBundles" name="test_bundle_detail" time="0.044" /><testcase classname="tests.test_iteration2.TestReviews" name="test_reviews_unknown_tool_returns_empty" time="0.048" /><testcase classname="tests.test_iteration2.TestBundles" name="test_bundle_unknown_slug_404" time="0.089" /><testcase classname="tests.test_iteration2.TestReviews" name="test_post_review_requires_auth" time="0.047" /><testcase classname="tests.test_iteration2.TestTiers" name="test_tools_list_has_tier" time="0.044" /><testcase classname="tests.test_iteration2.TestTiers" name="test_tool_detail_has_tier" time="0.043" /><testcase classname="tests.test_iteration2.TestReviews" name="test_post_review_bad_rating_422" time="1.441" /><testcase classname="tests.test_iteration2.TestBundleCheckout" name="test_checkout_bundle_creates_session" time="1.351" /><testcase classname="tests.test_iteration2.TestBundleCheckout" name="test_bundle_transaction_stored" time="1.173" /><testcase classname="tests.test_iteration2.TestReviews" name="test_post_review_unknown_tool_404" time="0.043" /><testcase classname="tests.test_iteration2.TestReviews" name="test_post_review_creates_unverified" time="0.090" /><testcase classname="tests.test_iteration2.TestReviews" name="test_post_review_upsert" time="0.134" /><testcase classname="tests.test_iteration2.TestLibraryBundleExpansion" name="test_library_expands_bundle" time="0.076"><failure message="KeyError: 'MONGO_URL'">tests/test_iteration2.py:242: in test_library_expands_bundle
    asyncio.get_event_loop().run_until_complete(run()) if False else asyncio.run(run())
                                                                     ^^^^^^^^^^^^^^^^^^
/usr/local/lib/python3.11/asyncio/runners.py:190: in run
    return runner.run(main)
           ^^^^^^^^^^^^^^^^
/usr/local/lib/python3.11/asyncio/runners.py:118: in run
    return self._loop.run_until_complete(task)
           ^^^^^^^^^^^^^^^^^^^^^^^^^^^^^^^^^^^
/usr/local/lib/python3.11/asyncio/base_events.py:654: in run_until_complete
    return future.result()
           ^^^^^^^^^^^^^^^
tests/test_iteration2.py:201: in run
    client = AsyncIOMotorClient(_os.environ["MONGO_URL"])
                                ^^^^^^^^^^^^^^^^^^^^^^^^
&lt;frozen os&gt;:679: in __getitem__
    ???
E   KeyError: 'MONGO_URL'</failure></testcase><testcase classname="tests.test_iteration2.TestVerifiedReview" name="test_verified_after_paid_bundle" time="0.002"><failure message="KeyError: 'MONGO_URL'">tests/test_iteration2.py:288: in test_verified_after_paid_bundle
    asyncio.run(run())
/usr/local/lib/python3.11/asyncio/runners.py:190: in run
    return runner.run(main)
           ^^^^^^^^^^^^^^^^
/usr/local/lib/python3.11/asyncio/runners.py:118: in run
    return self._loop.run_until_complete(task)
           ^^^^^^^^^^^^^^^^^^^^^^^^^^^^^^^^^^^
/usr/local/lib/python3.11/asyncio/base_events.py:654: in run_until_complete
    return future.result()
           ^^^^^^^^^^^^^^^
tests/test_iteration2.py:254: in run
    client = AsyncIOMotorClient(_os.environ["MONGO_URL"])
                                ^^^^^^^^^^^^^^^^^^^^^^^^
&lt;frozen os&gt;:679: in __getitem__
    ???
E   KeyError: 'MONGO_URL'</failure></testcase></testsuite></testsuites>